Start the Wiperdog installation at 2014/07/07 03:04:20.746
Press any key to start interactive installation or CTRL+C to quit. You can execute default installation with -ni option
You omitted to specify WIPERDOG HOME.
Do you want to install wiperdog at /home/nghia/GIT/Test_Wiperdog_Installer/wiperdog-0.2.5-SNAPSHOT ? [y/n] :
Wiperdog will be install to directory: /home/nghia/GIT/Test_Wiperdog_Installer/wiperdog-0.2.5-SNAPSHOT
Wiperdog installer, unzip to file : /home/nghia/GIT/Test_Wiperdog_Installer/wiperdog-0.2.5-SNAPSHOT/lib/java/bundle.wrap/sqljdbc4.jar
Wiperdog installer, unzip to file : /home/nghia/GIT/Test_Wiperdog_Installer/wiperdog-0.2.5-SNAPSHOT/lib/java/bundle.wrap/ojdbc5.jar
Wiperdog installer, unzip to file : /home/nghia/GIT/Test_Wiperdog_Installer/wiperdog-0.2.5-SNAPSHOT/etc/use_for_xwiki.cfg
Wiperdog installer, unzip to file : /home/nghia/GIT/Test_Wiperdog_Installer/wiperdog-0.2.5-SNAPSHOT/etc/config.properties
Wiperdog installer, unzip to file : /home/nghia/GIT/Test_Wiperdog_Installer/wiperdog-0.2.5-SNAPSHOT/etc/list_bundles.cfg
Wiperdog installer, unzip to file : /home/nghia/GIT/Test_Wiperdog_Installer/wiperdog-0.2.5-SNAPSHOT/etc/groovy-starter.conf
Wiperdog installer, unzip to file : /home/nghia/GIT/Test_Wiperdog_Installer/wiperdog-0.2.5-SNAPSHOT/etc/mongodbpass.cfg
Wiperdog installer, unzip to file : /home/nghia/GIT/Test_Wiperdog_Installer/wiperdog-0.2.5-SNAPSHOT/etc/maven_repositories.cfg
Wiperdog installer, unzip to file : /home/nghia/GIT/Test_Wiperdog_Installer/wiperdog-0.2.5-SNAPSHOT/etc/org.ops4j.pax.logging.cfg
Wiperdog installer, unzip to file : /home/nghia/GIT/Test_Wiperdog_Installer/wiperdog-0.2.5-SNAPSHOT/etc/ListBundle.csv
Wiperdog installer, unzip to file : /home/nghia/GIT/Test_Wiperdog_Installer/wiperdog-0.2.5-SNAPSHOT/etc/monitorjobfw.cfg
Wiperdog installer, unzip to file : /home/nghia/GIT/Test_Wiperdog_Installer/wiperdog-0.2.5-SNAPSHOT/etc/java.util.logging.properties
Wiperdog installer, unzip to file : /home/nghia/GIT/Test_Wiperdog_Installer/wiperdog-0.2.5-SNAPSHOT/etc/org.wiperdog.scriptsupport.groovyrunner.cfg
Wiperdog installer, unzip to file : /home/nghia/GIT/Test_Wiperdog_Installer/wiperdog-0.2.5-SNAPSHOT/etc/org.wiperdog.jobmanager.cfg
Wiperdog installer, unzip to file : /home/nghia/GIT/Test_Wiperdog_Installer/wiperdog-0.2.5-SNAPSHOT/etc/boot.groovy
Wiperdog installer, unzip to file : /home/nghia/GIT/Test_Wiperdog_Installer/wiperdog-0.2.5-SNAPSHOT/etc/system.properties
Wiperdog installer, unzip to file : /home/nghia/GIT/Test_Wiperdog_Installer/wiperdog-0.2.5-SNAPSHOT/lib/groovy/libs.target/DefaultSender.groovy
Wiperdog installer, unzip to file : /home/nghia/GIT/Test_Wiperdog_Installer/wiperdog-0.2.5-SNAPSHOT/lib/groovy/libs.target/JobRecoveryFunctions.groovy
Wiperdog installer, unzip to file : /home/nghia/GIT/Test_Wiperdog_Installer/wiperdog-0.2.5-SNAPSHOT/lib/groovy/libs.target/DBMSInfo.groovy
Wiperdog installer, unzip to file : /home/nghia/GIT/Test_Wiperdog_Installer/wiperdog-0.2.5-SNAPSHOT/lib/groovy/libs.target/SubGroovyScheduledJob.groovy
Wiperdog installer, unzip to file : /home/nghia/GIT/Test_Wiperdog_Installer/wiperdog-0.2.5-SNAPSHOT/lib/groovy/libs.target/DataJuggernaut.groovy
Wiperdog installer, unzip to file : /home/nghia/GIT/Test_Wiperdog_Installer/wiperdog-0.2.5-SNAPSHOT/lib/groovy/libs.target/MathFuncUltilities.groovy
Wiperdog installer, unzip to file : /home/nghia/GIT/Test_Wiperdog_Installer/wiperdog-0.2.5-SNAPSHOT/lib/groovy/libs.target/DefaultJobCaller.groovy
Wiperdog installer, unzip to file : /home/nghia/GIT/Test_Wiperdog_Installer/wiperdog-0.2.5-SNAPSHOT/lib/groovy/libs.target/MONGODBConnectionSource.groovy
Wiperdog installer, unzip to file : /home/nghia/GIT/Test_Wiperdog_Installer/wiperdog-0.2.5-SNAPSHOT/lib/groovy/libs.target/IDBConnectionSource.groovy
Wiperdog installer, unzip to file : /home/nghia/GIT/Test_Wiperdog_Installer/wiperdog-0.2.5-SNAPSHOT/lib/groovy/libs.target/DBConnectionSource.groovy
Wiperdog installer, unzip to file : /home/nghia/GIT/Test_Wiperdog_Installer/wiperdog-0.2.5-SNAPSHOT/lib/groovy/libs.target/JobDsl.groovy
Wiperdog installer, unzip to file : /home/nghia/GIT/Test_Wiperdog_Installer/wiperdog-0.2.5-SNAPSHOT/lib/groovy/libs.target/EncryptedDBConnectionSourceImpl.groovy
Wiperdog installer, unzip to file : /home/nghia/GIT/Test_Wiperdog_Installer/wiperdog-0.2.5-SNAPSHOT/lib/groovy/libs.target/JobControlException.groovy
Wiperdog installer, unzip to file : /home/nghia/GIT/Test_Wiperdog_Installer/wiperdog-0.2.5-SNAPSHOT/lib/groovy/libs.target/CommonUltis.groovy
Wiperdog installer, unzip to file : /home/nghia/GIT/Test_Wiperdog_Installer/wiperdog-0.2.5-SNAPSHOT/lib/groovy/libs.target/SubDefaultJobCaller.groovy
Wiperdog installer, unzip to file : /home/nghia/GIT/Test_Wiperdog_Installer/wiperdog-0.2.5-SNAPSHOT/lib/groovy/libs.target/GroovyScheduledJob.groovy
Wiperdog installer, unzip to file : /home/nghia/GIT/Test_Wiperdog_Installer/wiperdog-0.2.5-SNAPSHOT/lib/groovy/DBCommonConfig.groovy
Wiperdog installer, unzip to file : /home/nghia/GIT/Test_Wiperdog_Installer/wiperdog-0.2.5-SNAPSHOT/lib/groovy/DBConfigServlet.groovy
Wiperdog installer, unzip to file : /home/nghia/GIT/Test_Wiperdog_Installer/wiperdog-0.2.5-SNAPSHOT/lib/groovy/SendPolicyEmail.groovy
Wiperdog installer, unzip to file : /home/nghia/GIT/Test_Wiperdog_Installer/wiperdog-0.2.5-SNAPSHOT/lib/groovy/TestJobServlet.groovy
Wiperdog installer, unzip to file : /home/nghia/GIT/Test_Wiperdog_Installer/wiperdog-0.2.5-SNAPSHOT/lib/groovy/ServletLogFileInfo.groovy
Wiperdog installer, unzip to file : /home/nghia/GIT/Test_Wiperdog_Installer/wiperdog-0.2.5-SNAPSHOT/lib/groovy/PolicyServlet.groovy
Wiperdog installer, unzip to file : /home/nghia/GIT/Test_Wiperdog_Installer/wiperdog-0.2.5-SNAPSHOT/lib/groovy/DestTest.groovy
Wiperdog installer, unzip to file : /home/nghia/GIT/Test_Wiperdog_Installer/wiperdog-0.2.5-SNAPSHOT/lib/groovy/JobDeclaredServlet.groovy
Wiperdog installer, unzip to file : /home/nghia/GIT/Test_Wiperdog_Installer/wiperdog-0.2.5-SNAPSHOT/lib/groovy/WiperdogEchoServlet.groovy
Wiperdog installer, unzip to file : /home/nghia/GIT/Test_Wiperdog_Installer/wiperdog-0.2.5-SNAPSHOT/lib/groovy/libs.common/JobInstanceListener.groovy
Wiperdog installer, unzip to file : /home/nghia/GIT/Test_Wiperdog_Installer/wiperdog-0.2.5-SNAPSHOT/lib/groovy/libs.common/OSGiCompanionCategory.groovy
Wiperdog installer, unzip to file : /home/nghia/GIT/Test_Wiperdog_Installer/wiperdog-0.2.5-SNAPSHOT/lib/groovy/libs.common/GenerateTreeMenu.groovy
Wiperdog installer, unzip to file : /home/nghia/GIT/Test_Wiperdog_Installer/wiperdog-0.2.5-SNAPSHOT/lib/groovy/libs.common/JobLoader.groovy
Wiperdog installer, unzip to file : /home/nghia/GIT/Test_Wiperdog_Installer/wiperdog-0.2.5-SNAPSHOT/lib/groovy/libs.common/JobRunnerMainService.groovy
Wiperdog installer, unzip to file : /home/nghia/GIT/Test_Wiperdog_Installer/wiperdog-0.2.5-SNAPSHOT/lib/groovy/libs.common/MonitorJobConfigLoader.groovy
Wiperdog installer, unzip to file : /home/nghia/GIT/Test_Wiperdog_Installer/wiperdog-0.2.5-SNAPSHOT/lib/groovy/libs.common/JobRunOneShot.groovy
Wiperdog installer, unzip to file : /home/nghia/GIT/Test_Wiperdog_Installer/wiperdog-0.2.5-SNAPSHOT/lib/groovy/libs.common/JobInstallController.groovy
Wiperdog installer, unzip to file : /home/nghia/GIT/Test_Wiperdog_Installer/wiperdog-0.2.5-SNAPSHOT/lib/groovy/libs.common/JobDSLService.groovy
Wiperdog installer, unzip to file : /home/nghia/GIT/Test_Wiperdog_Installer/wiperdog-0.2.5-SNAPSHOT/lib/groovy/libs.common/NettyLoader.groovy
Wiperdog installer, unzip to file : /home/nghia/GIT/Test_Wiperdog_Installer/wiperdog-0.2.5-SNAPSHOT/lib/groovy/libs.common/LoggingCategory.groovy
Wiperdog installer, unzip to file : /home/nghia/GIT/Test_Wiperdog_Installer/wiperdog-0.2.5-SNAPSHOT/lib/groovy/libs.common/TriggerListener.groovy
Wiperdog installer, unzip to file : /home/nghia/GIT/Test_Wiperdog_Installer/wiperdog-0.2.5-SNAPSHOT/lib/groovy/libs.common/MenuGeneratorRestService.groovy
Wiperdog installer, unzip to file : /home/nghia/GIT/Test_Wiperdog_Installer/wiperdog-0.2.5-SNAPSHOT/lib/groovy/libs.common/MongoDBConnection.groovy
Wiperdog installer, unzip to file : /home/nghia/GIT/Test_Wiperdog_Installer/wiperdog-0.2.5-SNAPSHOT/lib/groovy/libs.common/DefaultLoader.groovy
Wiperdog installer, unzip to file : /home/nghia/GIT/Test_Wiperdog_Installer/wiperdog-0.2.5-SNAPSHOT/lib/groovy/libs.common/JobClassListener.groovy
Wiperdog installer, unzip to file : /home/nghia/GIT/Test_Wiperdog_Installer/wiperdog-0.2.5-SNAPSHOT/lib/groovy/libs.common/ResourceConstants.groovy
Wiperdog installer, unzip to file : /home/nghia/GIT/Test_Wiperdog_Installer/wiperdog-0.2.5-SNAPSHOT/lib/groovy/libs.common/JobListener.groovy
Wiperdog installer, unzip to file : /home/nghia/GIT/Test_Wiperdog_Installer/wiperdog-0.2.5-SNAPSHOT/lib/groovy/libs.common/JobRunnerMain.groovy
Wiperdog installer, unzip to file : /home/nghia/GIT/Test_Wiperdog_Installer/wiperdog-0.2.5-SNAPSHOT/lib/groovy/libs.common/RestServiceLoader.groovy
Wiperdog installer, unzip to file : /home/nghia/GIT/Test_Wiperdog_Installer/wiperdog-0.2.5-SNAPSHOT/lib/groovy/libs.common/DbmsInfoRestService.groovy
Wiperdog installer, unzip to file : /home/nghia/GIT/Test_Wiperdog_Installer/wiperdog-0.2.5-SNAPSHOT/lib/groovy/ImportInstanceServlet.groovy
Wiperdog installer, unzip to file : /home/nghia/GIT/Test_Wiperdog_Installer/wiperdog-0.2.5-SNAPSHOT/lib/groovy/ServletJobDocInfo.groovy
Wiperdog installer, unzip to file : /home/nghia/GIT/Test_Wiperdog_Installer/wiperdog-0.2.5-SNAPSHOT/bin/groovy
Wiperdog installer, unzip to file : /home/nghia/GIT/Test_Wiperdog_Installer/wiperdog-0.2.5-SNAPSHOT/bin/genjobparam.groovy
Wiperdog installer, unzip to file : /home/nghia/GIT/Test_Wiperdog_Installer/wiperdog-0.2.5-SNAPSHOT/bin/genjob.bat
Wiperdog installer, unzip to file : /home/nghia/GIT/Test_Wiperdog_Installer/wiperdog-0.2.5-SNAPSHOT/bin/wiperdog_service_32bit.exe
Wiperdog installer, unzip to file : /home/nghia/GIT/Test_Wiperdog_Installer/wiperdog-0.2.5-SNAPSHOT/bin/gendbpasswd.groovy
Wiperdog installer, unzip to file : /home/nghia/GIT/Test_Wiperdog_Installer/wiperdog-0.2.5-SNAPSHOT/bin/gendbpasswd.sh
Wiperdog installer, unzip to file : /home/nghia/GIT/Test_Wiperdog_Installer/wiperdog-0.2.5-SNAPSHOT/bin/startWiperdog.groovy
Wiperdog installer, unzip to file : /home/nghia/GIT/Test_Wiperdog_Installer/wiperdog-0.2.5-SNAPSHOT/bin/startWiperdog.sh
Wiperdog installer, unzip to file : /home/nghia/GIT/Test_Wiperdog_Installer/wiperdog-0.2.5-SNAPSHOT/bin/jobrunner.sh
Wiperdog installer, unzip to file : /home/nghia/GIT/Test_Wiperdog_Installer/wiperdog-0.2.5-SNAPSHOT/bin/genschedule.groovy
Wiperdog installer, unzip to file : /home/nghia/GIT/Test_Wiperdog_Installer/wiperdog-0.2.5-SNAPSHOT/bin/bundle_packaging.groovy
Wiperdog installer, unzip to file : /home/nghia/GIT/Test_Wiperdog_Installer/wiperdog-0.2.5-SNAPSHOT/bin/genjobparam.sh
Wiperdog installer, unzip to file : /home/nghia/GIT/Test_Wiperdog_Installer/wiperdog-0.2.5-SNAPSHOT/bin/genpolicy.sh
Wiperdog installer, unzip to file : /home/nghia/GIT/Test_Wiperdog_Installer/wiperdog-0.2.5-SNAPSHOT/bin/startGroovy
Wiperdog installer, unzip to file : /home/nghia/GIT/Test_Wiperdog_Installer/wiperdog-0.2.5-SNAPSHOT/bin/createRepository.sh
Wiperdog installer, unzip to file : /home/nghia/GIT/Test_Wiperdog_Installer/wiperdog-0.2.5-SNAPSHOT/bin/genjob.sh
Wiperdog installer, unzip to file : /home/nghia/GIT/Test_Wiperdog_Installer/wiperdog-0.2.5-SNAPSHOT/bin/gendbmongoinfo.bat
Wiperdog installer, unzip to file : /home/nghia/GIT/Test_Wiperdog_Installer/wiperdog-0.2.5-SNAPSHOT/bin/gendbmongoinfo.groovy
Wiperdog installer, unzip to file : /home/nghia/GIT/Test_Wiperdog_Installer/wiperdog-0.2.5-SNAPSHOT/bin/genjobinst.groovy
Wiperdog installer, unzip to file : /home/nghia/GIT/Test_Wiperdog_Installer/wiperdog-0.2.5-SNAPSHOT/bin/genjobinst.sh
Wiperdog installer, unzip to file : /home/nghia/GIT/Test_Wiperdog_Installer/wiperdog-0.2.5-SNAPSHOT/bin/deployjob.groovy
Wiperdog installer, unzip to file : /home/nghia/GIT/Test_Wiperdog_Installer/wiperdog-0.2.5-SNAPSHOT/bin/genjob.groovy
Wiperdog installer, unzip to file : /home/nghia/GIT/Test_Wiperdog_Installer/wiperdog-0.2.5-SNAPSHOT/bin/genjobcls.groovy
Wiperdog installer, unzip to file : /home/nghia/GIT/Test_Wiperdog_Installer/wiperdog-0.2.5-SNAPSHOT/bin/service.groovy
Wiperdog installer, unzip to file : /home/nghia/GIT/Test_Wiperdog_Installer/wiperdog-0.2.5-SNAPSHOT/bin/startWiperdog.bat
Wiperdog installer, unzip to file : /home/nghia/GIT/Test_Wiperdog_Installer/wiperdog-0.2.5-SNAPSHOT/bin/clearjobdata.bat
Wiperdog installer, unzip to file : /home/nghia/GIT/Test_Wiperdog_Installer/wiperdog-0.2.5-SNAPSHOT/bin/genpolicy.groovy
Wiperdog installer, unzip to file : /home/nghia/GIT/Test_Wiperdog_Installer/wiperdog-0.2.5-SNAPSHOT/bin/gendefaultparam.groovy
Wiperdog installer, unzip to file : /home/nghia/GIT/Test_Wiperdog_Installer/wiperdog-0.2.5-SNAPSHOT/bin/gendbmongoinfo.sh
Wiperdog installer, unzip to file : /home/nghia/GIT/Test_Wiperdog_Installer/wiperdog-0.2.5-SNAPSHOT/bin/gendbpasswd.bat
Wiperdog installer, unzip to file : /home/nghia/GIT/Test_Wiperdog_Installer/wiperdog-0.2.5-SNAPSHOT/bin/clearjobdata
Wiperdog installer, unzip to file : /home/nghia/GIT/Test_Wiperdog_Installer/wiperdog-0.2.5-SNAPSHOT/bin/gendefaultparam.sh
Wiperdog installer, unzip to file : /home/nghia/GIT/Test_Wiperdog_Installer/wiperdog-0.2.5-SNAPSHOT/bin/wiperdog
Wiperdog installer, unzip to file : /home/nghia/GIT/Test_Wiperdog_Installer/wiperdog-0.2.5-SNAPSHOT/bin/genschedule.sh
Wiperdog installer, unzip to file : /home/nghia/GIT/Test_Wiperdog_Installer/wiperdog-0.2.5-SNAPSHOT/bin/deployjob.sh
Wiperdog installer, unzip to file : /home/nghia/GIT/Test_Wiperdog_Installer/wiperdog-0.2.5-SNAPSHOT/bin/startGroovy.bat
Wiperdog installer, unzip to file : /home/nghia/GIT/Test_Wiperdog_Installer/wiperdog-0.2.5-SNAPSHOT/bin/wiperdog_service_64bit.exe
Wiperdog installer, unzip to file : /home/nghia/GIT/Test_Wiperdog_Installer/wiperdog-0.2.5-SNAPSHOT/bin/bundle_packaging.sh
Wiperdog installer, unzip to file : /home/nghia/GIT/Test_Wiperdog_Installer/wiperdog-0.2.5-SNAPSHOT/bin/genjobcls.sh
Wiperdog installer, unzip to file : /home/nghia/GIT/Test_Wiperdog_Installer/wiperdog-0.2.5-SNAPSHOT/bin/groovy.bat
Wiperdog installer, unzip to file : /home/nghia/GIT/Test_Wiperdog_Installer/wiperdog-0.2.5-SNAPSHOT/var/run/README
Wiperdog installer, unzip to file : /home/nghia/GIT/Test_Wiperdog_Installer/wiperdog-0.2.5-SNAPSHOT/var/conf/.dbpasswd_@PGSQL_postgres
Wiperdog installer, unzip to file : /home/nghia/GIT/Test_Wiperdog_Installer/wiperdog-0.2.5-SNAPSHOT/var/conf/default.params
Wiperdog installer, unzip to file : /home/nghia/GIT/Test_Wiperdog_Installer/wiperdog-0.2.5-SNAPSHOT/var/conf/.dbpasswd_@MSSQL
Wiperdog installer, unzip to file : /home/nghia/GIT/Test_Wiperdog_Installer/wiperdog-0.2.5-SNAPSHOT/var/conf/message.properties
Wiperdog installer, unzip to file : /home/nghia/GIT/Test_Wiperdog_Installer/wiperdog-0.2.5-SNAPSHOT/var/conf/.dbpasswd_@MYSQL
Wiperdog installer, unzip to file : /home/nghia/GIT/Test_Wiperdog_Installer/wiperdog-0.2.5-SNAPSHOT/var/job/Postgres.Database_Structure.Parameters.job
Wiperdog installer, unzip to file : /home/nghia/GIT/Test_Wiperdog_Installer/wiperdog-0.2.5-SNAPSHOT/var/job/OS.Process_Linux.job
Wiperdog installer, unzip to file : /home/nghia/GIT/Test_Wiperdog_Installer/wiperdog-0.2.5-SNAPSHOT/var/job/OS.IOSystems_Windows.params
Wiperdog installer, unzip to file : /home/nghia/GIT/Test_Wiperdog_Installer/wiperdog-0.2.5-SNAPSHOT/var/job/policy/SQL_Server.Proactive_Check.RESOURCE_LIMIT.policy
Wiperdog installer, unzip to file : /home/nghia/GIT/Test_Wiperdog_Installer/wiperdog-0.2.5-SNAPSHOT/var/job/policy/Postgres.Database_Area.Tablespace_Free.policy
Wiperdog installer, unzip to file : /home/nghia/GIT/Test_Wiperdog_Installer/wiperdog-0.2.5-SNAPSHOT/var/job/policy/MySQL.Performance.InnoDBBufferPool.policy
Wiperdog installer, unzip to file : /home/nghia/GIT/Test_Wiperdog_Installer/wiperdog-0.2.5-SNAPSHOT/var/job/policy/SQL_Server.Performance.Plan_Cache_Hit_Ratio.policy
Wiperdog installer, unzip to file : /home/nghia/GIT/Test_Wiperdog_Installer/wiperdog-0.2.5-SNAPSHOT/var/job/policy/MySQL.Database_Area.InnoDBTablespace_Free.policy
Wiperdog installer, unzip to file : /home/nghia/GIT/Test_Wiperdog_Installer/wiperdog-0.2.5-SNAPSHOT/var/job/policy/Postgres.Performance.Buffer_Cache_Hit.policy
Wiperdog installer, unzip to file : /home/nghia/GIT/Test_Wiperdog_Installer/wiperdog-0.2.5-SNAPSHOT/var/job/policy/Postgres.Proactive_Check.Resource_Limit.policy
Wiperdog installer, unzip to file : /home/nghia/GIT/Test_Wiperdog_Installer/wiperdog-0.2.5-SNAPSHOT/var/job/policy/SQL_Server.Database_Area.Database_free.policy
Wiperdog installer, unzip to file : /home/nghia/GIT/Test_Wiperdog_Installer/wiperdog-0.2.5-SNAPSHOT/var/job/policy/Postgres.Performance.Buffer_Cache_Usage.policy
Wiperdog installer, unzip to file : /home/nghia/GIT/Test_Wiperdog_Installer/wiperdog-0.2.5-SNAPSHOT/var/job/policy/MySQL.Performance.InnoDBLogBuffer.policy
Wiperdog installer, unzip to file : /home/nghia/GIT/Test_Wiperdog_Installer/wiperdog-0.2.5-SNAPSHOT/var/job/policy/MySQL.Proactive_Check.Resource_Limit.policy
Wiperdog installer, unzip to file : /home/nghia/GIT/Test_Wiperdog_Installer/wiperdog-0.2.5-SNAPSHOT/var/job/policy/SQL_Server.Performance.Wait_Status.policy
Wiperdog installer, unzip to file : /home/nghia/GIT/Test_Wiperdog_Installer/wiperdog-0.2.5-SNAPSHOT/var/job/policy/Postgres.Proactive_Check.Session.policy
Wiperdog installer, unzip to file : /home/nghia/GIT/Test_Wiperdog_Installer/wiperdog-0.2.5-SNAPSHOT/var/job/policy/SQL_Server.Performance.Buffer_Cache_Hit_Ratio.policy
Wiperdog installer, unzip to file : /home/nghia/GIT/Test_Wiperdog_Installer/wiperdog-0.2.5-SNAPSHOT/var/job/policy/MySQL.Database_Area.Top30Database.policy
Wiperdog installer, unzip to file : /home/nghia/GIT/Test_Wiperdog_Installer/wiperdog-0.2.5-SNAPSHOT/var/job/OS.Network_IO_Windows.job
Wiperdog installer, unzip to file : /home/nghia/GIT/Test_Wiperdog_Installer/wiperdog-0.2.5-SNAPSHOT/var/job/MySQL.Performance.MyISAMKeyBuffer.job
Wiperdog installer, unzip to file : /home/nghia/GIT/Test_Wiperdog_Installer/wiperdog-0.2.5-SNAPSHOT/var/job/SQL_Server.Performance.Buffer_Cache_Hit_Ratio.job
Wiperdog installer, unzip to file : /home/nghia/GIT/Test_Wiperdog_Installer/wiperdog-0.2.5-SNAPSHOT/var/job/MySQL.Performance.InnoDBBufferPool.job
Wiperdog installer, unzip to file : /home/nghia/GIT/Test_Wiperdog_Installer/wiperdog-0.2.5-SNAPSHOT/var/job/MySQL.Performance.InnoDBIOStatus.job
Wiperdog installer, unzip to file : /home/nghia/GIT/Test_Wiperdog_Installer/wiperdog-0.2.5-SNAPSHOT/var/job/OS.Process_Windows.job
Wiperdog installer, unzip to file : /home/nghia/GIT/Test_Wiperdog_Installer/wiperdog-0.2.5-SNAPSHOT/var/job/MySQL.Performance.Network_Traffic.job
Wiperdog installer, unzip to file : /home/nghia/GIT/Test_Wiperdog_Installer/wiperdog-0.2.5-SNAPSHOT/var/job/SQL_Server.Proactive_Check.SESSION.job
Wiperdog installer, unzip to file : /home/nghia/GIT/Test_Wiperdog_Installer/wiperdog-0.2.5-SNAPSHOT/var/job/SQL_Server.Database_Structure.Parameters.job
Wiperdog installer, unzip to file : /home/nghia/GIT/Test_Wiperdog_Installer/wiperdog-0.2.5-SNAPSHOT/var/job/Postgres.Database_Statistic.Database_Info.job
Wiperdog installer, unzip to file : /home/nghia/GIT/Test_Wiperdog_Installer/wiperdog-0.2.5-SNAPSHOT/var/job/Postgres.Performance.Datafile_IO_Info.job
Wiperdog installer, unzip to file : /home/nghia/GIT/Test_Wiperdog_Installer/wiperdog-0.2.5-SNAPSHOT/var/job/OS.IOSystems_Linux.params
Wiperdog installer, unzip to file : /home/nghia/GIT/Test_Wiperdog_Installer/wiperdog-0.2.5-SNAPSHOT/var/job/Postgres.Performance.Buffer_Cache_Hit.job
Wiperdog installer, unzip to file : /home/nghia/GIT/Test_Wiperdog_Installer/wiperdog-0.2.5-SNAPSHOT/var/job/OS.IOSystems_Linux.job
Wiperdog installer, unzip to file : /home/nghia/GIT/Test_Wiperdog_Installer/wiperdog-0.2.5-SNAPSHOT/var/job/MySQL.Database_Structure.DatabaseVersion.job
Wiperdog installer, unzip to file : /home/nghia/GIT/Test_Wiperdog_Installer/wiperdog-0.2.5-SNAPSHOT/var/job/OS.OS_Information_Linux.job
Wiperdog installer, unzip to file : /home/nghia/GIT/Test_Wiperdog_Installer/wiperdog-0.2.5-SNAPSHOT/var/job/MySQL.Database_Area.Top30Database.job
Wiperdog installer, unzip to file : /home/nghia/GIT/Test_Wiperdog_Installer/wiperdog-0.2.5-SNAPSHOT/var/job/SQL_Server.Proactive_Check.Batch_Requests.job
Wiperdog installer, unzip to file : /home/nghia/GIT/Test_Wiperdog_Installer/wiperdog-0.2.5-SNAPSHOT/var/job/MySQL.Database_Structure.Parameter.job
Wiperdog installer, unzip to file : /home/nghia/GIT/Test_Wiperdog_Installer/wiperdog-0.2.5-SNAPSHOT/var/job/MySQL.Proactive_Check.SQLExecutions.job
Wiperdog installer, unzip to file : /home/nghia/GIT/Test_Wiperdog_Installer/wiperdog-0.2.5-SNAPSHOT/var/job/Postgres.Proactive_Check.Transactions.job
Wiperdog installer, unzip to file : /home/nghia/GIT/Test_Wiperdog_Installer/wiperdog-0.2.5-SNAPSHOT/var/job/Postgres.Performance.Buffer_Cache_Usage.job
Wiperdog installer, unzip to file : /home/nghia/GIT/Test_Wiperdog_Installer/wiperdog-0.2.5-SNAPSHOT/var/job/MySQL.Database_Area.InnoDBTablespace_Free.job
Wiperdog installer, unzip to file : /home/nghia/GIT/Test_Wiperdog_Installer/wiperdog-0.2.5-SNAPSHOT/var/job/OS.CPU_Windows.params
Wiperdog installer, unzip to file : /home/nghia/GIT/Test_Wiperdog_Installer/wiperdog-0.2.5-SNAPSHOT/var/job/SQL_Server.Performance.Wait_Status.job
Wiperdog installer, unzip to file : /home/nghia/GIT/Test_Wiperdog_Installer/wiperdog-0.2.5-SNAPSHOT/var/job/OS.Process_Linux.params
Wiperdog installer, unzip to file : /home/nghia/GIT/Test_Wiperdog_Installer/wiperdog-0.2.5-SNAPSHOT/var/job/MySQL.Proactive_Check.Aborted_Information.job
Wiperdog installer, unzip to file : /home/nghia/GIT/Test_Wiperdog_Installer/wiperdog-0.2.5-SNAPSHOT/var/job/OS.Network_IO_Linux.params
Wiperdog installer, unzip to file : /home/nghia/GIT/Test_Wiperdog_Installer/wiperdog-0.2.5-SNAPSHOT/var/job/SQL_Server.Proactive_Check.RESOURCE_LIMIT.job
Wiperdog installer, unzip to file : /home/nghia/GIT/Test_Wiperdog_Installer/wiperdog-0.2.5-SNAPSHOT/var/job/SQL_Server.Performance.Plan_Cache_Hit_Ratio.job
Wiperdog installer, unzip to file : /home/nghia/GIT/Test_Wiperdog_Installer/wiperdog-0.2.5-SNAPSHOT/var/job/OS.Memory_Swap_Linux.job
Wiperdog installer, unzip to file : /home/nghia/GIT/Test_Wiperdog_Installer/wiperdog-0.2.5-SNAPSHOT/var/job/OS.Disk_Windows.job
Wiperdog installer, unzip to file : /home/nghia/GIT/Test_Wiperdog_Installer/wiperdog-0.2.5-SNAPSHOT/var/job/OS.Network_IO_Windows.params
Wiperdog installer, unzip to file : /home/nghia/GIT/Test_Wiperdog_Installer/wiperdog-0.2.5-SNAPSHOT/var/job/OS.Disk_Usage_Linux.job
Wiperdog installer, unzip to file : /home/nghia/GIT/Test_Wiperdog_Installer/wiperdog-0.2.5-SNAPSHOT/var/job/OS.Memory_Usage_Windows.params
Wiperdog installer, unzip to file : /home/nghia/GIT/Test_Wiperdog_Installer/wiperdog-0.2.5-SNAPSHOT/var/job/MySQL.Proactive_Check.Resource_Limit.job
Wiperdog installer, unzip to file : /home/nghia/GIT/Test_Wiperdog_Installer/wiperdog-0.2.5-SNAPSHOT/var/job/Postgres.Database_Structure.Database_Version.job
Wiperdog installer, unzip to file : /home/nghia/GIT/Test_Wiperdog_Installer/wiperdog-0.2.5-SNAPSHOT/var/job/OS.CPU_Linux.job
Wiperdog installer, unzip to file : /home/nghia/GIT/Test_Wiperdog_Installer/wiperdog-0.2.5-SNAPSHOT/var/job/SQL_Server.Performance.Tempdb_Usage.job
Wiperdog installer, unzip to file : /home/nghia/GIT/Test_Wiperdog_Installer/wiperdog-0.2.5-SNAPSHOT/var/job/OS.Memory_Swap_Linux.params
Wiperdog installer, unzip to file : /home/nghia/GIT/Test_Wiperdog_Installer/wiperdog-0.2.5-SNAPSHOT/var/job/OS.Disk_Windows.params
Wiperdog installer, unzip to file : /home/nghia/GIT/Test_Wiperdog_Installer/wiperdog-0.2.5-SNAPSHOT/var/job/SQL_Server.Database_Area.Database_free.job
Wiperdog installer, unzip to file : /home/nghia/GIT/Test_Wiperdog_Installer/wiperdog-0.2.5-SNAPSHOT/var/job/Postgres.Proactive_Check.Session.job
Wiperdog installer, unzip to file : /home/nghia/GIT/Test_Wiperdog_Installer/wiperdog-0.2.5-SNAPSHOT/var/job/OS.Memory_Usage_Windows.job
Wiperdog installer, unzip to file : /home/nghia/GIT/Test_Wiperdog_Installer/wiperdog-0.2.5-SNAPSHOT/var/job/OS.OS_Information_Linux.params
Wiperdog installer, unzip to file : /home/nghia/GIT/Test_Wiperdog_Installer/wiperdog-0.2.5-SNAPSHOT/var/job/MySQL.Performance.InnoDBLogBuffer.job
Wiperdog installer, unzip to file : /home/nghia/GIT/Test_Wiperdog_Installer/wiperdog-0.2.5-SNAPSHOT/var/job/SQL_Server.Performance.Memory_Management.job
Wiperdog installer, unzip to file : /home/nghia/GIT/Test_Wiperdog_Installer/wiperdog-0.2.5-SNAPSHOT/var/job/Postgres.Database_Area.Tablespace_Free.job
Wiperdog installer, unzip to file : /home/nghia/GIT/Test_Wiperdog_Installer/wiperdog-0.2.5-SNAPSHOT/var/job/SQL_Server.Performance.DATA_FILE_IO_STATUS.job
Wiperdog installer, unzip to file : /home/nghia/GIT/Test_Wiperdog_Installer/wiperdog-0.2.5-SNAPSHOT/var/job/OS.Disk_Usage_Linux.params
Wiperdog installer, unzip to file : /home/nghia/GIT/Test_Wiperdog_Installer/wiperdog-0.2.5-SNAPSHOT/var/job/OS.CPU_Windows.job
Wiperdog installer, unzip to file : /home/nghia/GIT/Test_Wiperdog_Installer/wiperdog-0.2.5-SNAPSHOT/var/job/Postgres.Proactive_Check.Resource_Limit.job
Wiperdog installer, unzip to file : /home/nghia/GIT/Test_Wiperdog_Installer/wiperdog-0.2.5-SNAPSHOT/var/job/MySQL.Performance.QueryCache.job
Wiperdog installer, unzip to file : /home/nghia/GIT/Test_Wiperdog_Installer/wiperdog-0.2.5-SNAPSHOT/var/job/OS.Pagefiles_Usage_Windows.job
Wiperdog installer, unzip to file : /home/nghia/GIT/Test_Wiperdog_Installer/wiperdog-0.2.5-SNAPSHOT/var/job/SQL_Server.Database_Structure.Database_Version.job
Wiperdog installer, unzip to file : /home/nghia/GIT/Test_Wiperdog_Installer/wiperdog-0.2.5-SNAPSHOT/var/job/MySQL.Performance.Sorts.job
Wiperdog installer, unzip to file : /home/nghia/GIT/Test_Wiperdog_Installer/wiperdog-0.2.5-SNAPSHOT/var/job/OS.IOSystems_Windows.job
Wiperdog installer, unzip to file : /home/nghia/GIT/Test_Wiperdog_Installer/wiperdog-0.2.5-SNAPSHOT/var/job/OS.OS_Information_Windows.params
Wiperdog installer, unzip to file : /home/nghia/GIT/Test_Wiperdog_Installer/wiperdog-0.2.5-SNAPSHOT/var/job/OS.CPU_Linux.params
Wiperdog installer, unzip to file : /home/nghia/GIT/Test_Wiperdog_Installer/wiperdog-0.2.5-SNAPSHOT/var/job/OS.OS_Information_Windows.job
Wiperdog installer, unzip to file : /home/nghia/GIT/Test_Wiperdog_Installer/wiperdog-0.2.5-SNAPSHOT/var/job/OS.Network_IO_Linux.job
Wiperdog installer, unzip to file : /home/nghia/GIT/Test_Wiperdog_Installer/wiperdog-0.2.5-SNAPSHOT/var/job/MySQL.Proactive_Check.Thread.job
Wiperdog installer, unzip to file : /home/nghia/GIT/Test_Wiperdog_Installer/wiperdog-0.2.5-SNAPSHOT/var/job/OS.Pagefiles_Usage_Windows.params
Wiperdog installer, unzip to file : /home/nghia/GIT/Test_Wiperdog_Installer/wiperdog-0.2.5-SNAPSHOT/var/job/OS.Process_Windows.params
Wiperdog installer, unzip to file : /home/nghia/GIT/Test_Wiperdog_Installer/wiperdog-0.2.5-SNAPSHOT/var/swap/monitorjob/README
Wiperdog installer, unzip to file : /home/nghia/GIT/Test_Wiperdog_Installer/wiperdog-0.2.5-SNAPSHOT/tmp/PreJob/README
Wiperdog installer, unzip to file : /home/nghia/GIT/Test_Wiperdog_Installer/wiperdog-0.2.5-SNAPSHOT/tmp/monitorjobdata/LastExecution/README
Wiperdog installer, unzip to file : /home/nghia/GIT/Test_Wiperdog_Installer/wiperdog-0.2.5-SNAPSHOT/tmp/monitorjobdata/PrevOUTPUT/README
Wiperdog installer, unzip to file : /home/nghia/GIT/Test_Wiperdog_Installer/wiperdog-0.2.5-SNAPSHOT/tmp/monitorjobdata/PersistentData/README
Wiperdog installer, unzip to file : /home/nghia/GIT/Test_Wiperdog_Installer/wiperdog-0.2.5-SNAPSHOT/tmp/README
Wiperdog installer, unzip to file : /home/nghia/GIT/Test_Wiperdog_Installer/wiperdog-0.2.5-SNAPSHOT/opt/jre/README
Wiperdog installer, unzip to file : /home/nghia/GIT/Test_Wiperdog_Installer/wiperdog-0.2.5-SNAPSHOT/extractor.xml
Wiperdog installer, unzip to file : /home/nghia/GIT/Test_Wiperdog_Installer/wiperdog-0.2.5-SNAPSHOT/installer/installer.groovy
Wiperdog installer, unzip to file : /home/nghia/GIT/Test_Wiperdog_Installer/wiperdog-0.2.5-SNAPSHOT/lib/java/bundle.a/groovy-all-2.2.1.jar
Wiperdog installer, unzip to file : /home/nghia/GIT/Test_Wiperdog_Installer/wiperdog-0.2.5-SNAPSHOT/lib/java/bundle.a/pax-url-mvn-1.3.7.jar
Wiperdog installer, unzip to file : /home/nghia/GIT/Test_Wiperdog_Installer/wiperdog-0.2.5-SNAPSHOT/lib/java/bundle.a/ivy-2.4.0-rc1.jar
Wiperdog installer, unzip to file : /home/nghia/GIT/Test_Wiperdog_Installer/wiperdog-0.2.5-SNAPSHOT/lib/java/ext/org.apache.felix.framework-4.2.1.jar
Wiperdog installer, unzip to file : /home/nghia/GIT/Test_Wiperdog_Installer/wiperdog-0.2.5-SNAPSHOT/AUTHORS
Wiperdog installer, unzip to file : /home/nghia/GIT/Test_Wiperdog_Installer/wiperdog-0.2.5-SNAPSHOT/LICENSE-2.0.txt
Wiperdog installer, unzip to file : /home/nghia/GIT/Test_Wiperdog_Installer/wiperdog-0.2.5-SNAPSHOT/EXTERNALS
Self-extracting done!
----------------------------------------------------------------
------------------    INSTALLATION     -------------------------
----------------------------------------------------------------
Welcome to the installation of Wiperdog multi purposes monitoring system - Version: 1.0.1

Wiperdog is multi purpose monitoring DBMS system writing in Groovy.
Wiperdog has some major components as followings:
1. MongoDB is used as a storage DBMS for storing monitoring result data.
Mongodb is good for large scale system with high concurrence access, it also provide a very good performance
2. XWiki is used as a front-end user GUI. It is easy customizable and configurable
3. Groovy monitoring framework, has built by Insight-tech, is well-structure, easy for maintenance, scalable and configurable
Thank you for using wiperdog, please follow screen construction to continue the installation



Getting input parameters for pre-configured wiperdog, press any key to continue... 
Please input Netty port(default set to 13111):
Please input job directory: (default set to /home/nghia/GIT/Test_Wiperdog_Installer/wiperdog-0.2.5-SNAPSHOT/var/job)
Please input trigger directory:(default set to /home/nghia/GIT/Test_Wiperdog_Installer/wiperdog-0.2.5-SNAPSHOT/var/job)
Please input job class directory:(default set to /home/nghia/GIT/Test_Wiperdog_Installer/wiperdog-0.2.5-SNAPSHOT/var/job)
Please input job instance directory:(default set to /home/nghia/GIT/Test_Wiperdog_Installer/wiperdog-0.2.5-SNAPSHOT/var/job)
Please input database server (Mongodb) IP address (default set to 127.0.0.1):
Please input database server port, Mongodb port (default set to 27017):
Please input database name (default set to wiperdog):
Please input database server user name, (Mongodb user name, default set to empty):
Please input database server password, (Mongodb password, default set to empty):
Please input mail send data policy, Mail Policy (default set to testmail@gmail.com):
Do you want to install wiperdog as system service, default set to 'yes' (type yes|no), enter for default value:


Please CONFIRM The following configuration are correct:
Wiperdog Home:/home/nghia/GIT/Test_Wiperdog_Installer/wiperdog-0.2.5-SNAPSHOT
Server Port:11111
Job directory:/home/nghia/GIT/Test_Wiperdog_Installer/wiperdog-0.2.5-SNAPSHOT/var/job
Trigger directory:/home/nghia/GIT/Test_Wiperdog_Installer/wiperdog-0.2.5-SNAPSHOT/var/job
Job class directory:/home/nghia/GIT/Test_Wiperdog_Installer/wiperdog-0.2.5-SNAPSHOT/var/job
Job instances directory:/home/nghia/GIT/Test_Wiperdog_Installer/wiperdog-0.2.5-SNAPSHOT/var/job
Database address:somehost
Database port:9999
Database name:wiperdogMongoDbName
User name:anuser
Password:scretePassword
Mail Policy:anemail@anemail.com
Install as OS service:no


Your input are correct(Y|y|N|n):
User confirm input: y
Finish the Wiperdog installation at 2014/07/07 03:04:22.720



